<?xml version="1.0" encoding="UTF-8"?>
<!-- Generated by org.testng.reporters.JUnitReportReporter -->
<testsuite hostname="LAPTOP-RAQOTQJ9" failures="0" tests="1" name="Tests.RegistationTest" time="38.880" errors="0" timestamp="2024-11-14T09:47:31 BDT" skipped="0">
  <testcase classname="Tests.RegistationTest" name="registation" time="38.880"/>
</testsuite> <!-- Tests.RegistationTest -->
