<?xml version="1.0" encoding="UTF-8"?>
<!-- Generated by org.testng.reporters.JUnitReportReporter -->
<testsuite hostname="LAPTOP-RAQOTQJ9" failures="0" tests="1" name="Tests.LoginTest" time="57.118" errors="0" timestamp="2024-11-14T09:47:32 BDT" skipped="0">
  <testcase classname="Tests.LoginTest" name="signIn" time="57.118"/>
</testsuite> <!-- Tests.LoginTest -->
